<?xml version="1.0" encoding="UTF-8"?>
<robot generator="Robot 3.1.2 (Python 3.6.7 on win32)" generated="20200912 20:43:29.226" rpa="false">
<suite id="s1" name="TC2" source="C:\Users\VickyWin10\Documents\PycharmProjects\RobotAutomation\TC2.robot">
<test id="s1-t1" name="TC001">
<kw name="Create Session" library="RequestsLibrary">
<doc>Create Session: create a HTTP session to a server</doc>
<arguments>
<arg>E2E_Session</arg>
<arg>${base_url}</arg>
</arguments>
<msg timestamp="20200912 20:43:29.768" level="INFO">Creating Session using : alias=E2E_Session, url=http://thetestingworldapi.com/, headers={},                     cookies={}, auth=None, timeout=None, proxies=None, verify=False,                     debug=0 </msg>
<status status="PASS" starttime="20200912 20:43:29.767" endtime="20200912 20:43:29.769"></status>
</kw>
<kw name="Create Dictionary" library="BuiltIn">
<doc>Creates and returns a dictionary based on the given ``items``.</doc>
<arguments>
<arg>first_name=Dharmendra</arg>
<arg>middle_name=Kumar</arg>
<arg>last_name=Sharma</arg>
<arg>date_of_birth=18/09/1986</arg>
</arguments>
<assign>
<var>&amp;{body}</var>
</assign>
<msg timestamp="20200912 20:43:29.772" level="INFO">&amp;{body} = { first_name=Dharmendra | middle_name=Kumar | last_name=Sharma | date_of_birth=18/09/1986 }</msg>
<status status="PASS" starttime="20200912 20:43:29.769" endtime="20200912 20:43:29.772"></status>
</kw>
<kw name="Post Request" library="RequestsLibrary">
<doc>Send a POST request on the session object found using the
given `alias`</doc>
<arguments>
<arg>E2E_Session</arg>
<arg>/api/students</arg>
<arg>${header}</arg>
<arg>${body}</arg>
</arguments>
<assign>
<var>${PostResponse}</var>
</assign>
<msg timestamp="20200912 20:43:29.776" level="INFO">POST Request using : uri=/api/students, params=None, files=None, allow_redirects=True, timeout=None
headers={'User-Agent': 'python-requests/2.23.0', 'Accept-Encoding': 'gzip, deflate', 'Accept': '*/*', 'Connection': 'keep-alive'} 
data=None 
json={'first_name': 'Dharmendra', 'middle_name': 'Kumar', 'last_name': 'Sharma', 'date_of_birth': '18/09/1986'}</msg>
<msg timestamp="20200912 20:43:29.901" level="INFO">${PostResponse} = &lt;Response [401]&gt;</msg>
<status status="PASS" starttime="20200912 20:43:29.775" endtime="20200912 20:43:29.902"></status>
</kw>
<kw name="Set Variable" library="BuiltIn">
<doc>Returns the given values which can then be assigned to a variables.</doc>
<arguments>
<arg>${PostResponse.status_code}</arg>
</arguments>
<assign>
<var>${status}</var>
</assign>
<msg timestamp="20200912 20:43:29.903" level="INFO">${status} = 401</msg>
<status status="PASS" starttime="20200912 20:43:29.902" endtime="20200912 20:43:29.903"></status>
</kw>
<kw name="Log To Console" library="BuiltIn">
<doc>Logs the given message to the console.</doc>
<arguments>
<arg>${status}</arg>
</arguments>
<status status="PASS" starttime="20200912 20:43:29.903" endtime="20200912 20:43:29.904"></status>
</kw>
<status status="PASS" starttime="20200912 20:43:29.766" endtime="20200912 20:43:29.905" critical="yes"></status>
</test>
<status status="PASS" starttime="20200912 20:43:29.228" endtime="20200912 20:43:29.908"></status>
</suite>
<statistics>
<total>
<stat pass="1" fail="0">Critical Tests</stat>
<stat pass="1" fail="0">All Tests</stat>
</total>
<tag>
</tag>
<suite>
<stat pass="1" fail="0" id="s1" name="TC2">TC2</stat>
</suite>
</statistics>
<errors>
<msg timestamp="20200912 20:43:29.761" level="ERROR">Error in file 'C:\Users\VickyWin10\Documents\PycharmProjects\RobotAutomation\TC2.robot': Importing test library 'robotframework-jsonlibrary' failed: ModuleNotFoundError: No module named 'robotframework-jsonlibrary'
Traceback (most recent call last):
  None
PYTHONPATH:
  C:\Users\VickyWin10\AppData\Local\Programs\Python\Python36\Scripts\robot.exe
  c:\users\vickywin10\appdata\local\programs\python\python36\python36.zip
  c:\users\vickywin10\appdata\local\programs\python\python36\DLLs
  c:\users\vickywin10\appdata\local\programs\python\python36\lib
  c:\users\vickywin10\appdata\local\programs\python\python36
  C:\Users\VickyWin10\AppData\Roaming\Python\Python36\site-packages
  c:\users\vickywin10\appdata\local\programs\python\python36\lib\site-packages
  c:\users\vickywin10\appdata\local\programs\python\python36\lib\site-packages\win32
  c:\users\vickywin10\appdata\local\programs\python\python36\lib\site-packages\win32\lib
  c:\users\vickywin10\appdata\local\programs\python\python36\lib\site-packages\Pythonwin</msg>
</errors>
</robot>
