<?xml version="1.0" encoding="UTF-8"?>
<robot generator="Robot 3.1.2 (Python 3.6.7 on win32)" generated="20200422 18:53:49.582" rpa="false">
<suite id="s1" name="End2End WS" source="C:\Users\VickyWin10\PycharmProjects\RobotAutomation\TestCases\End2End_WS.robot">
<test id="s1-t1" name="TC_001_End2End_Post_Put_Get_Delete">
<kw name="Create Session" library="RequestsLibrary">
<doc>Create Session: create a HTTP session to a server</doc>
<arguments>
<arg>End2EndSession</arg>
<arg>${base_url}</arg>
</arguments>
<msg timestamp="20200422 18:53:50.308" level="INFO">Creating Session using : alias=End2EndSession, url=http://thetestingworldapi.com/Help, headers={},                     cookies={}, auth=None, timeout=None, proxies=None, verify=False,                     debug=0 </msg>
<status status="PASS" starttime="20200422 18:53:50.308" endtime="20200422 18:53:50.308"></status>
</kw>
<kw name="Create Dictionary" library="BuiltIn">
<doc>Creates and returns a dictionary based on the given ``items``.</doc>
<arguments>
<arg>first_name=Dharm</arg>
<arg>middle_name=K</arg>
<arg>last_name=Shar</arg>
<arg>date_of_birth=11/01/1971</arg>
</arguments>
<assign>
<var>&amp;{body}</var>
</assign>
<msg timestamp="20200422 18:53:50.311" level="INFO">&amp;{body} = { first_name=Dharm | middle_name=K | last_name=Shar | date_of_birth=11/01/1971 }</msg>
<status status="PASS" starttime="20200422 18:53:50.310" endtime="20200422 18:53:50.312"></status>
</kw>
<kw name="Create Dictionary" library="BuiltIn">
<doc>Creates and returns a dictionary based on the given ``items``.</doc>
<arguments>
<arg>Content-Type=application/json</arg>
</arguments>
<assign>
<var>&amp;{header}</var>
</assign>
<msg timestamp="20200422 18:53:50.314" level="INFO">&amp;{header} = { Content-Type=application/json }</msg>
<status status="PASS" starttime="20200422 18:53:50.314" endtime="20200422 18:53:50.314"></status>
</kw>
<kw name="Post Request" library="RequestsLibrary">
<doc>Send a POST request on the session object found using the
given `alias`</doc>
<arguments>
<arg>End2EndSession</arg>
<arg>api/Students</arg>
<arg>headers=${header}</arg>
<arg>data=${body}</arg>
</arguments>
<assign>
<var>${PostResponse}</var>
</assign>
<msg timestamp="20200422 18:53:50.317" level="INFO">POST Request using : uri=api/Students, params=None, files=None, allow_redirects=True, timeout=None
headers={'User-Agent': 'python-requests/2.22.0', 'Accept-Encoding': 'gzip, deflate', 'Accept': '*/*', 'Connection': 'keep-alive', 'Content-Type': 'application/json'} 
data={"first_name": "Dharm", "middle_name": "K", "last_name": "Shar", "date_of_birth": "11/01/1971"} 
json=None</msg>
<msg timestamp="20200422 18:53:52.134" level="INFO">${PostResponse} = &lt;Response [200]&gt;</msg>
<status status="PASS" starttime="20200422 18:53:50.315" endtime="20200422 18:53:52.134"></status>
</kw>
<kw name="Log To Console" library="BuiltIn">
<doc>Logs the given message to the console.</doc>
<arguments>
<arg>${PostResponse.status_code}</arg>
</arguments>
<status status="PASS" starttime="20200422 18:53:52.138" endtime="20200422 18:53:52.141"></status>
</kw>
<kw name="To Json" library="RequestsLibrary">
<doc>Convert a string to a JSON object</doc>
<arguments>
<arg>${PostResponse.content}</arg>
</arguments>
<assign>
<var>${jsonPostResponse}</var>
</assign>
<msg timestamp="20200422 18:53:52.152" level="FAIL">JSONDecodeError: Expecting value: line 1 column 1 (char 0)</msg>
<status status="FAIL" starttime="20200422 18:53:52.144" endtime="20200422 18:53:52.152"></status>
</kw>
<tags>
<tag>Smoke</tag>
</tags>
<status status="FAIL" starttime="20200422 18:53:50.304" endtime="20200422 18:53:52.155" critical="yes">JSONDecodeError: Expecting value: line 1 column 1 (char 0)</status>
</test>
<status status="FAIL" starttime="20200422 18:53:49.585" endtime="20200422 18:53:52.169"></status>
</suite>
<statistics>
<total>
<stat pass="0" fail="1">Critical Tests</stat>
<stat pass="0" fail="1">All Tests</stat>
</total>
<tag>
<stat pass="0" fail="1">Smoke</stat>
</tag>
<suite>
<stat pass="0" fail="1" id="s1" name="End2End WS">End2End WS</stat>
</suite>
</statistics>
<errors>
</errors>
</robot>
